TN:
SF:jest.config.js
FNF:0
FNH:0
DA:6,1
LF:1
LH:1
BRF:0
BRH:0
end_of_record
TN:
SF:pages/BasePage.js
FN:2,(anonymous_0)
FN:6,(anonymous_1)
FN:10,(anonymous_2)
FNF:3
FNH:1
FNDA:0,(anonymous_0)
FNDA:0,(anonymous_1)
FNDA:1,(anonymous_2)
DA:3,0
DA:7,0
DA:12,1
LF:3
LH:1
BRF:0
BRH:0
end_of_record
TN:
SF:pages/HomePage.js
FN:5,(anonymous_0)
FN:13,(anonymous_1)
FN:19,(anonymous_2)
FNF:3
FNH:3
FNDA:1,(anonymous_0)
FNDA:1,(anonymous_1)
FNDA:1,(anonymous_2)
DA:6,1
DA:7,1
DA:8,1
DA:9,1
DA:10,1
DA:15,1
DA:16,1
DA:21,1
DA:22,1
DA:23,1
LF:10
LH:10
BRF:0
BRH:0
end_of_record
